-------------------------------------------------------------------------------
Test set: com.diana.integration.IntTest
-------------------------------------------------------------------------------
Tests run: 3, Failures: 2, Errors: 0, Skipped: 0, Time elapsed: 45.093 s <<< FAILURE! - in com.diana.integration.IntTest
test_goToNewDep_thenCreateDep_thenGoBack(com.diana.integration.IntTest)  Time elapsed: 14.282 s  <<< FAILURE!
junit.framework.ComparisonFailure: row count (table=departments) expected:<[2]> but was:<[1]>

test_goToNewEmp_thenCreateEmp_thenGoBack(com.diana.integration.IntTest)  Time elapsed: 14.594 s  <<< FAILURE!
junit.framework.ComparisonFailure: row count (table=addresses) expected:<[2]> but was:<[1]>

